<?xml version="1.0" encoding="UTF-8"?>
<!-- Generated by org.testng.reporters.JUnitXMLReporter -->
<testsuite hostname="Khanjadas-MBP.nyc.rr.com" ignored="0" name="Test" tests="1" failures="1" timestamp="2021-11-10T22:50:08 EST" time="0.649" errors="0">
  <testcase name="testCase1" time="0.624" classname="wrapperProject.TestCase1">
    <failure type="org.testng.internal.reflect.MethodMatcherException" message="
[public void wrapperProject.TestCase1.testCase1(java.lang.String,java.lang.String) throws java.lang.InterruptedException] has no parameters defined but was found to be using a data provider (either explicitly specified or inherited from class level annotation).
Data provider mismatch
Method: testCase1([Parameter{index=0, type=java.lang.String, declaredAnnotations=[]}, Parameter{index=1, type=java.lang.String, declaredAnnotations=[]}])
Arguments: [(java.lang.String) test,(java.lang.String) Dheeshi3101*,(java.lang.String) ]">
      <![CDATA[org.testng.internal.reflect.MethodMatcherException: 
[public void wrapperProject.TestCase1.testCase1(java.lang.String,java.lang.String) throws java.lang.InterruptedException] has no parameters defined but was found to be using a data provider (either explicitly specified or inherited from class level annotation).
Data provider mismatch
Method: testCase1([Parameter{index=0, type=java.lang.String, declaredAnnotations=[]}, Parameter{index=1, type=java.lang.String, declaredAnnotations=[]}])
Arguments: [(java.lang.String) test,(java.lang.String) Dheeshi3101*,(java.lang.String) ]
at java.util.ArrayList.forEach(ArrayList.java:1259)
... Removed 22 stack frames]]>
    </failure>
  </testcase> <!-- testCase1 -->
</testsuite> <!-- Test -->
