<?xml version="1.0" encoding="UTF-8"?>
<testng-results ignored="0" total="1" passed="1" failed="0" skipped="0">
  <reporter-output>
  </reporter-output>
  <suite started-at="2021-12-05T09:27:25 EST" name="Default suite" finished-at="2021-12-05T09:27:25 EST" duration-ms="47">
    <groups>
    </groups>
    <test started-at="2021-12-05T09:27:25 EST" name="Default test" finished-at="2021-12-05T09:27:25 EST" duration-ms="47">
      <class name="javaFinal.ExtendFinalMethod">
        <test-method signature="test6()[pri:0, instance:javaFinal.ExtendFinalMethod@8f2ef19]" started-at="2021-12-05T09:27:25 EST" name="test6" finished-at="2021-12-05T09:27:25 EST" duration-ms="6" status="PASS">
          <reporter-output>
          </reporter-output>
        </test-method> <!-- test6 -->
      </class> <!-- javaFinal.ExtendFinalMethod -->
    </test> <!-- Default test -->
  </suite> <!-- Default suite -->
</testng-results>
